500

2 ced-
3j
gj
ej2aa dah
12


fef-b6gae c2jdh11b2a--

g2
j b
d8
hi df
78
g
i2-j4-
2j--213f4
j-d8de21

-djd611

29 c12j1


1
 
hj ce
2fj-
b 2-f2
-e21
eabd7-j2
e ejj-1d

3g2
ad32
 
i
491
 11d  74a2
b jcc2-1
-e1e f
1eefejdecgdd2c1jgi  
d
e7bj

 cdce22acj-f 25g
j2  
ciaga2412feh 2
 j
 
j 2hd

eb1d


b9cc
4

c2-ch 
-jgc -j1 i b7-c-b-1e
314eii141

-- 

  ec
2j3j-d 1j-2-ghjb1-5 -

ej
2ef
 2c4

2dfe6acje
6dj 7b
jj-jejj
c1-2ec 
j128jd1218b

j2-1 2d
 -e2
b-cagg 2d
j e-14-ie j7b
b
c2 2
dd2d


c aeejj e
gb2j3j
1 ib2db19bfdc
j
i dj ji2i  jeeefej1hej
6

02a22
-j
c
fgha
jci1
djc 
 
2121921h-2hej2d--j-he
2c-bj

 b-jece
4 
edj-ej


f

d4
272i4jh
-3 he2eb2e8jge23ica8

21h2deecgc2j
 0-b


a19c d2bd10
2ec e1j4cbd4231g- 2f

eeebad5dc1-ji 9-gjc

d22e 7jj e
1
2e2
2eb
 47jc- e2jc2
4eh-gjcgg
e
f
a
2
jjb e- e11

-e-211j 3 e 1c
 
e2
-2 -1 2e
 2b

ej-
 

ae-d
e-
 c1
e6 d 
8
g
b
cebi h
j-e 6d11 cj
hcejg1fc-e17
jj282-2b -d  eb
-j2
 f
e2 215
e329-
2cbi 22 j
be4d12

e-e2
 
e jej3b2-
abi7
h d 
cjd 1 -cj 11b-hci2-h3b 1ba
-e
2a2j2e1
2h22dc
jgg-3ej9dj
hcj
d-f
-3 j -11 ie 
72 d


d-cgdejje2ch2ecj

6
j
3bd b-hc-1e-jcecd je
2ejj6 e
112j1eecbee

1-b4ajej-1
ejhej2
1c
-
9 bi2  6f1-1
h 2 f1d
e
1-bjee2-5bideje4
ei1jj e3b1248 j
e2d1debi2
2b111-i6e-b gj-h-i--3-ag-1j
1 g 3
ab
3-bb
ee0c -h8
01
ijjb1e 
f 1jgee
1ej1e1e-9 j 
i
2
e-1a1-
j2-b
 b11b
 1b1d9221f
ifjh
 j2eb e
 8gee-f
 e1-ej
jjaj44-3d2ejc1
f2dd-122233
jbj-ecjabj2i21dd6ejb  2
2cdceeeg2iej
 -bceejh
ci3 4-73f
-j1f5jjf
beg2d- ej 4c2 3c-bee
hce2-i2dbce-j
jjijje5bi

 
1e- ehjj

20j
--
dg3d5e1jebe fig

ccj2
3jf  dg
1e1edcg3c
 
 fa5h1
bj
i
29-gi221b1hdb  32
c9b jedjg0dhj
d52f32
 4a3
12 
 c6e-1cj1h-
fb
8h e e h1hd3j1
ec- db2c-
  d3--5
 a2j
29
je1jcd3acc3
h jc- b-8c2ja
2- 4gjf6  ci-h1daj1
f2
c

c-822ig
cfcg-c

j1jgjj e 

ef
2  
gjcgj-

e1b-
ee 72f6ejecj4b1  j22e

ehd34-djje ai a ed2g1
-ie8cea2-622j2e

e--cc4- 

-b-2
6
g5
  2--6j5d
--gcb6b1e
cge 
e
jj22

-fijf

2 c2j 2j
d2 f1 ef1fe-f-jcjb1
-1b a cj
de1
ej
1hibe-j
e
21jed
 jg
j
 1-c4
e2g2-e
b6hcj7j42
j fea 812j-3
jj j1caab3aj1c
eed h
c7bj2deijgb-2j1ej1-
b
e2
b
ejcj-1cjhe
i1e
5f
 --b1ij2-e-g5e 5-0cb2434db1c-222e-1jjc2
6c-1eb f
1
aeec1b -bj
e 2ja
2b2j1aj
i
b
ea
icj
da-jfhe3a-20h2g

1b bbc2ia
bj292 -ge
ghj
j2j
2d1e-2hd
h2eg7228--h72-
1dj2
cj5a
hhb61
5bdj2c1
1
cb
5
j1-jg
e2hjd
jj bjjid14cj11
1j8128add  2
d1 
e e
hbcde

1-4
cj-d

1j2j9ii c1b0
1

be2j2jadacb
jcacee1be-

a4-
j

2
bei j22h1gj
c
jbee 11 c1
4c-49

d3
eb78 j2
j1h1 2
d1---8a
e
d
g-jc21ec
f7jdg51djjdf61b1
ee5b

1g72-j
ddh42ccc

i
7-
ej
1e3jdc2b
 dicei
99jif2jg5 9 c4e 3a
j1jd9
dj2
2j
j

b2
hg-g 1d
e
-
he 4ihj1-d
94 
-1jg5j
jb3a
-

3-2cc

-c-j
3g
ge

 2-
dj82-bhb11
j-43b0jg 1-2j
je1f
hcjj-jca-2cijeij1bc 
21a-b

c-i--ea
j
-0
c 5ed-bif 0b 
-gj

j
j
93- c-jb
3c
1j5

b1ec
gah5bae-
b1e
4efj-5j0cfa
5 
fj-
11c-e2h32aedhb1-32ifg
 -2jb2bjje 222bj 

jfc1e b 
 


9-eh9 g
e3bc  -dh127e
di--j4e82-bjef11
2842-  a-
eeh
 ecb 11gi5-1c-f-
-1--j2efj1 i d d9 1b2i2ejc-


je--
c 1j -41
-jec cgc14
h3h-cd2-   d

jb 

 -22jc
-j1h  i
jc5b02-i2hec 
fej161
2
j
-
dg
eb

e1
j1-ee-dea5f1
db2i2 
1eed
7ce2id
1e2j
c11j 8e4h
  
g

7b
 27-f -
fhecg2jgeb 1ee2 fgj
h2-e2baj
dffd-jd51 j
-f3jca- 25-eiea
 jh
jbj
cjjd
- -ec-7jf
1b-h1ej3 b-cj
egd1ie 1a
c 11j1j



1eb28j jedi
221ej

dj-d
b1 g1-23 4a2e-
cej2j
b 
j1f2b-ci

j9
61ej1 

 e d-
 j2jgj7bjje
j 
g3d1 -
 1
7129h3 a8
b

 bbjcd
ea212jcjdfc-
 -e
 0cjc
b5
a32ch

a
dj--j911bj2
jf2e2-

 j1c4e
1
hha
jd
ieh


eijc b8ee  
2
e2ec1
d-d6b
e-
8-
-cjb
 
2j-ji2
2a-d4e2a
ehe6-hj
1j b
3
ge
b 

j51ai1-jehid

ea8j-dae1e  e1j52ca41j22 -28
 h
-2231-jj4
-abc jc2
g3dj
hj--jj1j
cdi f-1aiba-c7ahed
b12b-8i

hj
d
 hae1jb--10jj ee7


1j
ei  dehja32dg  hj
j0
1hbce
2 -j
 2
e -1 1bd

f
g
j
jg

1ei
0

de
dc
 j
-2gde1ia
e
1
jji- a52hf13e
c2d
 j

g  
2cc2- d0jb1 edd cfj jg

 j31
82 8-hj h j- 91
jjee
bb2j7 e

12j7b
 4ba


2f
 bjgej1
j

c4hg1
dc
j 2j2b
1g
93hj
e 21-j--
f 1j61 j-
b


9i cjg-

ab
e4
a9f
 
122h3
eg
  
9-
c8c


j124eegh1e0cbjde2gj7
8 jejdbf-j2
- 3j
ji-e8  -j
1
g
--
 
-1cbega

fd 
db-112d9 je31c9f-b1b0
gi
i-a2e1132e

bbd61
ej2h-11j 
221e
jfej2j83  
f-dd
b0
j2
-3  2
6a2i2 
g-
-j
befd
e
d-4-e28e
d1b-

j9j
122b
ec5bi
c
d2d4 2 3c9
j1- 1hcjg

- 
jjba
e
dhbcibj
de 1j15181216
2j3gd12 
dhjbd1j6ge1aj bi2j
-f
--ja
d 
g
j2b4
e
c-a12gejd
6j8-
h  1i 
jgehfhj27h-
 2
j  deej
jcie-- j4jej-b2j
edchj- 8c2 cig-
hf  jj-a
4-jed dcgbcj1b2c-2g-gijf2be
-hj
d2ed53
-- gjjc29j

9cd --1h11b2-h12

d h
hd1 22
ed1c
---1142hde2eeej1ebg
bgdeheccee2
2-
g2e 
-2
4jh9
e 
5ce1
--jbc 9id0j22

41d2a0f 
bbj h13-d- c 5
-d6f 
 
eed

1jde2
eebe 6cee1bc-cf-bj1he1j
ee-jje128a51egfi20d 
jc32

gb3 -if-e 1cca
b6ee 2222
f 
h261jd 1j-dffe e13dg
 hef33d4e-ecbejj2-d2dddbg
28

b a-dg2

 

abh 
jjjc
c5
j -2
fd 2b


c 8-1c-
e gh
6

 jjd--fbe4-1

53 
b2c-1 g 5jc1-jd-jbc
2 4h
 b -1-dg-e1c2hic1c-1h-c7jjgjj
d
b

  jj-e- 3 3
jg 2ce-gg51
d
bi
 j1d
1  4
bj
f1281i
 188
e3j3hf-j- j11 d
2f8 j3
2ejbj12

e1d b1 c-7251-
 
1db921
22
1
221i
-2 c-
2abej4ehjibc11
i
b2hadiedj 9 35fej2e
 j
je10221

e
d1j 

fd
hia-hd1
-
i92  jehbe-
2e jb1jb 9
 e1c2jg9gj- 2-e144
 jc21
j-c7e
-dj
ge6-j- 23--jd

1b01c3dg
a adb
b16 e 

d2ec2gd8jd7 j
 j4
7e2
j2e
2gj-e 2 je3b
 jjf-i

e 
11d 2jjee231bb2d1jj
f1ji


c
eie- 8- 2b
 3


f
2de72b
e08da
-didg-ha7
dg1h29j

2
g4jfd---2jd
j-2hh-hh-fjb -ajcdi9

-f21- bj7-bj 22bfceb- e ii1
- 
-de2

1jd-e 9

j
bj2 dg2
 -2122c
-2e-di4
e12a2g-11 jh6a2h

-1
j-bje22 e 
jffjdc2-cc-ib
edjeb211dj20j1-1-j2
28

j

5a2
ici5-cf
h
2 cb11d-5aaa5 
h -21gd22e 2j -3ieb5 
-jb14de12eje
ceeij
-jb1d j
2bee
e-j1cjb11g   ejib  1j2
2
 2
a
ejg2j-
-ghj10- 
3j
fjecj5aej2j11hg 


32di5hcei- a ce4
 1dfcg ed4db
db 
e6e1bc76fj de

h
2chj-- 4

eh2-hbb-
2-
h4aa-j6j1f e2dje147
d  9 jji-e711 
j d1ge


 2-3c-
jj5i
j
-jij-
jb--beeb4j
 7 - jg g2dg 

 d
7
ia


 22bi e
c1eej7c82j-h

1je-2eje-
 -11c11jhej he
e2b2
j  c23 
3jd-de


4e
d2cf723e
 e 2ia1e2 b3bb  5cj
2
j
1c-
4
196dd
ccj 12jd
f2
 223h bj-c
jd
1j
dc4-4e 
ghj 42 1
cfej482b
dje1-  
h
d12 3ejhb2 jbg 0ede12ejed1-0cac

e
b 11
cc2-fbi11

iej 
01a-e e j g- 

4b
jda


h
-d1bi-
jeeg2j j



ebj1j2   g -igj 
1 
fg
ee
2hdg

2 12


j-
559d 2dddi 2214e 
b2bccd g--- de
gh
3271
e
 2c
-f---9j
-
1
fg2d
c
-12e3


 d2e c2  4dcd1c2
3-2f1 241jfbdc c3


e
 
ba2g 2ee--b
c

ej-21 j2311
1
j281g
jc 
ce
 2 271fb2-12 g81 f

8hc1 1e-a
ej2-b2
   efb
b-1
112i-c0
j14-62f-
j3fj
6 -c 2ebejedc-b
ej-
 b1d2ce
3 c1
 
1jjh


b
24122db
cd
j-h
ee
ee
 e66b je
--
f- e
j 23ajehih7
i j1-i
-1b
8- j -5abcb-

e
gjic
edib1dhjj
j ej
j
ece-g
j22jc0
j5  e1-8bb 0-

hd0 -2j
9bg
6f-11cdj-bd2 1
ej1 
d-832eefe

-ai

 b4fj99bj
b2-e
-ie-2-h4edi7
ce-jc-he-g2f5 12
g

-ejch

2d191
j8efa-j2- 
2
6cbi--

0 i
1iff1

f2bej
- bj

-e
-j-3
ebee
-17j
e
20e
hhcj
d14gj-2dhj-
1h-- 9bi0bi 
be1-1 2bd-5aa
 2j 
bh21e8 1 -id328j e1-ebj
 ej j
2g
d2de-
jgij1d1- id2-c-d-
1-gc2
21
  
c2-cejc1-cjbee eece44hcee4


8 b8c3cbja
1 3h21

 
eec12 gb1a
2cj1
fe19j


2j
1eje e9
jafa g2dc215-he
-b
---
je
61
4-ee
2jef-
3
d
j71-e-e
b--j22j
c-d811 e1d
fj-d13j17eib1f
ed jjhfje2ece3ghd--d-i
11c-96ejb2j1-d--2a21

j1b2ij-aah
1dj
fba4 bdjb11-1 2c
jge2a4
1
11j22-gj1ee 
-j
 
1fb

dciei
 e

a
3
2ce-
jdd

4231-j
f41
1  e9j
dd1
hb1j25d11 h
21721ja

a
jj1i
1e351 -jjcj8
2hb 6j ib
hee
jjj12dddejjd-jh8j-
h1e3gcf h
79je
 
e


22e7b-
cecie f-4h fed73gc
  1e0f 

 5j2-11fe

2
 bjgjcibe44i


fj
b
-5
j
2eaeb
e3
j1
-hbgj
g23idea
 hb2 c-dd



ceidjc
e j24 h11
eb bee
 2 -dej3-f2jj12
-c14e
h2c
jh

42
dj
 efjjjebffjagf

1
1j5 h52
-12

- ec
6j 
2j3 -
b2bccgc
 b5b6

 
1c21e-dee6 b e--edc1jb
i1j2-2-
jed
f
j-ah e
-e3j

8 402
a
5 2eaj2db-j-ajd1-ejdaejdbj
j
d3jc21
0he


e
jeed
 7c
hgfh
dj-4h82cb

f-
d
e
e3 c9
9j4jjjbd62e6c - 7

cd2
jehed4  j4
14
e1bge-jf-2c 2c-1ef 

2
ejh1
4a2-3c
ecei8- j cah2d-1d--

 9jbc

c

3
6g
e
e2f-0gbe 2b  e9d-i24

2
3j-f-cg3hh3ejeij2j f1


1
d

je
 

j22
-1jc--j7
 1f
fee---8b2bd-j
e8-b212b
j

cj
heb2ae11j d11
eac1f2hj-h1fi
220 4d-ae5j2
jafi
je
-ch2bcd2
j
3
j
j
b -f
d

bb1e

2d
1
ffee
1f 

i
i
c2
de
-ad1 -b2
e 

3
 -4-acccj5j4jj

fjej
j1-4f
-
2 1i
1

dbad c-2 jj 
gej
 ejbb jfe 


e1jd
7j
51c21ecec
j ecjaj1
ee2d1efj2
2-- 34eebfc8
 
fb
fe

j6a
ejc104c
e
jf
 2 2ecij-i7ec5fb2
1ch-
ae
f3h-je8
did2
-b712eafj
2bbe7h b  

jegic
5
4becj 
d
ce
cb-
jdj--cgej-dc2  -1cj2jj2cebdj1c2jd70-0j
b2
2

d11eja11h-
3ad
 
2ee
fdeef1 bj
a
1 bb3-1jd 1
11

 e je
jb


 16
4db 

e1
jd 292e
 
d
j4e2h
d32g2212hj1
b
2-c215463j2- hcb- 
d
j 
0j5jc4
ee13

f
2ec-4h
a1
dccdaje
bdb21hb-0j1c
 
cb


iji e23e

ij
e df9ej12cjcgjbif-4jj2g2e- 32ej
d
2a1-
 9d4gce2b17dcgc
1e2e2 822ee
1ec3bj
1edb
gefha2e-g01c- -8e
 


cdjje
bb1fji ed- j1 j2e
e  i 2
 ge-bhjc225
 ajc
 j
i- 1fd8j g

e-
if1j2cf2
ejb

jj 1-1-
cg-djg---b 1ce1e1bf
 c

4ij-
2h

ei3-e--hjd1d
f2
 -
g-bbb
2-

f11122
-
--2j1j-4
d2ce i241-1eb-dfd-1
69j c
1e  -1e-2a
12-jbg
 1--hfjg70fg 2c6
eej
bj7e-d f1
 11
e12jfd18-2
ja61d-- -3eee
c
e 2  aj9j1

2e2

j-da2j-fcd-2jd1- 
-e22e2- 6db bbeba6
1  -1-
072
g1
2jeb1ddj
bjj2g11212e
cj ie2gee1
ji
 d
def2
 fj2e

2e b
i j1cbe
2jj1-h
j2ea532- 32e2 2 2042i2jccj1e
-2 2hib2 j611eb1jd
 d-15i2f
4113
-cje-j4
e1ih2e bh1jj j22edi2
81i-  e
1
j
j1ab-jg-fid
ej
1 
-e-11e- e-j jeiccjj
1
h 1
 eb2a3ea4di-2
11f2 h0

j
-
 6e9jd-

g
e
c11c- 
jd
ce -
1e
-1h1-a 11d13
g5  fe212jjjde7
e-- cej2
-1

ei21c1dd4-5
 2-cci-1
g4dj1h
0je
 i
c
-j efa
aedj1- -0 jf11g
4fj4b

3e91fj- cg

0 fde2c4e-jefj1 3je
dj22a
0a
6-a-ea-c1
j
1
2-db
dccd1123d-dejj
e-hjg jjh21 bece
1j 8 j1-cd1d- 
j1c
3j
1


1
hde
1
dd-igeb bj2 
j
dejbg-b6
dj1
0eejjda0
j8
e8d
-e0-ejae
 

iibjc4412ah-49
b4d0
j3-
d5
jgf j
1j0

j j2
i
6d
114

- 1 2dg4-7bd20dbd1
-ce 

-ej-2ejeceg1ej50dcj

beb
ee
2ehcjjj-jj
-d1 be 2
c-c4jc5
12djgjji

ee

c7d-
12ceb
db--h--
ied
2 -c
e
4bj2ea
d
fc
118j0-1e11ecg
b
e
2b ei-4
d

i

3h
1c

e de
f ef--
23e
 e7e2ccji
f
b
- jbj1
   12h-ebj
3-
ce-2f
5 c
d7 
4 5j
-g10jj
1b4
je g2g
j1-
e
f a-j1ccbc jjf11f2 c2be
16
ebdd
j
 1b1d-14j 2i
11d
-1icd

1
j112hb

d222b2
 h-
ejj7f-j1-1j24jb7-dj
jj
4
21i
cb1f

-je
be1ce02jj
c3jjeebj ddj
2c
jdfe 1jd
1
e 1
ec7b2i 
42gcj1
3b
ea

61a
e23b7

e 4e
1h12c  

-2 efdj2e

j
4i
ibj9i- 1c1

 f be2-hie- 1b1jie0gf-j3 d-ge5cjj0g4e1e7a-decec i1
dj3
beifid62jb1e1bd1gdidj -fejj-
2
dd-
0
1e2cjjh 6bb0jj

d- 
gd2-2d1jfa
8
ij31 
1e-gc71f4
b3aj
ce
2 2g

 j cf
e8 1-
aj


e 15h
- 
f  j34d
eab1j2d21j

1
- a1j
e
j1ce
j
eie6jfj3abe


 1 a
--93
5a
jf3cg
i

2j--c

4j1j- j
cfh2eejjdd-
 4j eeci c
hdeaje1-3 cc db-fh0ee4--2eb
 a2 
12
1 -a-e32
- a2ejje
8j11
c

d6 
 


d-
e2jf
c2
22e
4fdd22
1e4jej jf
0gje-j

4
bee1c


jg3--ejj-ehji aj
-jec2-
ce2j 
-12
d-bcjbed1
h1jj- 
c1 3 8d36 bb--e
ed2j
dc22gg2jj- 22e7
2eje0
2-8-1
j-201
5-
 
aeb-2-c acd1j
j1f9cj
jb0bg9fegee
7f2i-i2152hgce1ecdg-3d ib ceea
i
b
cd 31d2dbc6jii1
4gib


d2dd7-
e
d
gifc
2gb
c11de41cgb--
c9e

i4aj1d i
c3 i-3ede-a7-g2
c
 2j je-jj 2 j-
eb12g21jbh
j1hb
ejda2--j2j214jbfde3
b2
eh b
cebj
1ch--4-9

 
1 jj1gj djiicj 127
fbe4-je 2
- ba--
3 
-fe
b9d

f

d
h 
5dc 4-2j2d 27g
4
-268-bjbe cd4ejjg-1


bj e-36-g2e12-  f - f2 2j-75e2
e-
cd
bhd
ga-jj2912b-2
2cajbf
ae j1i3j25--jheijjh2e2g
j23-c2e
610e -222 
j22e-1e2-j
b-ec
-d 
bji 
e
ijacb3c 1
dg 
2ij
-
21jb jjej
124-2jjah
b-3j1f12bf
-
0ej1b 
-
jb -
j2
d ei9 b1c2-ebib
b29f0
j
b-b
 jg
-
 e hgb
8-4h1-61cj92a -ib2-biai71j5ei28ce-21j1ceb
jec-
c31
j0a 2h  cd 

adf1-ibjbdee365713dd22b-a 
-cf2j5
a27dje
fceie11-4e
01--1 -
a
1
1hce--a1g
hi ccc

d6j2ic 
2hjd e

hbj 1h
2-i
-bb
-i
ad1-j
j
jjc9e2gcfe2dfc

-
idj24b2




c3021bj
ei
hf
-bj22e
f25ee-12heciba jae
e1j eaej1c2

21cbd1
e7
ed222 j8-
ce11-j

cid-
e
ba 
bj
j-
-j
1j

8-3b12
cdjegbj-f
1
-f
e--2
f2
1c2jffd2
 bj-
1
 2f 
2
jeh21 
1g-d21

 a129eg29cejceg
g ic-ef1j
1


e2
9bb2ejjdc
d7jaec-
cc
-
-b 1
b-bjg2g5

6-

j
 i
-bgd-b21 2
2edj3i-  
jj-e
-b
-j
j
jj 
e23-cfjjejhjb
cb-j2g
3
  h
2
2
2e dai0g2-2a

1b

f4-e6jb
d7
2-2-
c
dcb2j1 ej91d2g 
-h  42

1
cj76-9e2 -j31111jedbb
e2ae-


ec-i
gj8c

ehdj6i-e 541h
i
9abbe -j
2b-7 


4bec1-jg
5h g
12edgdd6
e-3i--
d-1bb3 
b5g
h-2
 a-h-jbd4-ee
-e63-iacd-e2212jgj
fjejj f36g
 i
j
2c-2e
ie5
2dhgjh1 j-ih
f
 j2

j1
j32  -

bjhjj- gjdb1b fedecbed
0
j2d6 2c
 1e-jd21ji83
4db e2 fb7
01jjb2111b a
eb 2
7id
ej24
i c
2-h319d2f2g1b 2jf3
g-5jb
2c21j-e
e 6a3ajjcc
jcbdj
2d
-e263 1

1b  5 e
ebii2
 d4gejdjee4hc--21--jjeebj

jb 5 1-
2
2h2ece1jf
c492
121e-
ja-e4e
1
c61e 31j
h6-e1ejde
745e3  j-
 2d-5
1
0e
6j-cj1-jj-i2djic7 113ee
ib1

7d1
c1f 

5 -g3hj
ceeg1
j--8-4
jgc9
 e8bje1jjh1 jdbj

j1-2d
2ad-1jb dejg9bj eaee5-bj ede
h-b-jjc e
2


jc
2 j2-2dehj3ae2
2b5
c14
1b
d
19e-
jf
 11j
3d-ajhhe0
a2 h



2ebb
